<?xml version="1.0" encoding="UTF-8"?>
<!-- Generated by org.testng.reporters.JUnitXMLReporter -->
<testsuite ignored="0" hostname="DESKTOP-G7A9KI4" failures="1" tests="1" name="Default test(failed)" time="15.721" errors="0" timestamp="2024-12-06T11:19:10 IST">
  <testcase classname="testCases.TC_004search" name="verifysearch" time="4.17">
    <failure type="java.lang.AssertionError" message="expected [true] but found [false]">
      <![CDATA[java.lang.AssertionError: expected [true] but found [false]
at testCases.TC_004search.verifysearch(TC_004search.java:43)
at java.base/java.util.ArrayList.forEach(ArrayList.java:1597)
... Removed 29 stack frames]]>
    </failure>
  </testcase> <!-- verifysearch -->
</testsuite> <!-- Default test(failed) -->
